d:\projects\c++\n-sharp\n-sharp\release\vc142.pdb
d:\projects\c++\n-sharp\n-sharp\release\window.obj
d:\projects\c++\n-sharp\n-sharp\release\utils.obj
d:\projects\c++\n-sharp\n-sharp\release\opengl.obj
d:\projects\c++\n-sharp\n-sharp\release\main.obj
d:\projects\c++\n-sharp\n-sharp\release\interpreter.obj
d:\projects\c++\n-sharp\n-sharp\release\eval.obj
d:\projects\c++\n-sharp\n-sharp\release\shader.obj
d:\projects\c++\n-sharp\n-sharp\release\input.obj
d:\projects\c++\n-sharp\n-sharp\release\glad.obj
d:\projects\c++\n-sharp\release\n-sharp.exe
d:\projects\c++\n-sharp\n-sharp\release\n-sharp.ipdb
d:\projects\c++\n-sharp\n-sharp\release\n-sharp.iobj
d:\projects\c++\n-sharp\release\n-sharp.pdb
d:\projects\c++\n-sharp\n-sharp\release\n-sharp.tlog\cl.command.1.tlog
d:\projects\c++\n-sharp\n-sharp\release\n-sharp.tlog\cl.read.1.tlog
d:\projects\c++\n-sharp\n-sharp\release\n-sharp.tlog\cl.write.1.tlog
d:\projects\c++\n-sharp\n-sharp\release\n-sharp.tlog\link.command.1.tlog
d:\projects\c++\n-sharp\n-sharp\release\n-sharp.tlog\link.read.1.tlog
d:\projects\c++\n-sharp\n-sharp\release\n-sharp.tlog\link.write.1.tlog
